timestamp: 2014-06-09T13:59:23.529312
CREATE TABLE auth_user(
    id INTEGER PRIMARY KEY AUTOINCREMENT,
    first_name CHAR(128),
    last_name CHAR(128),
    email CHAR(512),
    username CHAR(128),
    password CHAR(512),
    registration_key CHAR(512),
    reset_password_key CHAR(512),
    registration_id CHAR(512)
);
success!
timestamp: 2014-06-09T13:59:23.669652
CREATE TABLE auth_group(
    id INTEGER PRIMARY KEY AUTOINCREMENT,
    role CHAR(512),
    description TEXT
);
success!
timestamp: 2014-06-09T13:59:23.692067
CREATE TABLE auth_membership(
    id INTEGER PRIMARY KEY AUTOINCREMENT,
    user_id INTEGER REFERENCES auth_user (id) ON DELETE CASCADE,
    group_id INTEGER REFERENCES auth_group (id) ON DELETE CASCADE
);
success!
timestamp: 2014-06-09T13:59:23.732463
CREATE TABLE auth_permission(
    id INTEGER PRIMARY KEY AUTOINCREMENT,
    group_id INTEGER REFERENCES auth_group (id) ON DELETE CASCADE,
    name CHAR(512),
    table_name CHAR(512),
    record_id INTEGER
);
success!
timestamp: 2014-06-09T13:59:23.760667
CREATE TABLE auth_event(
    id INTEGER PRIMARY KEY AUTOINCREMENT,
    time_stamp TIMESTAMP,
    client_ip CHAR(512),
    user_id INTEGER REFERENCES auth_user (id) ON DELETE CASCADE,
    origin CHAR(512),
    description TEXT
);
success!
timestamp: 2014-06-09T13:59:23.779280
CREATE TABLE auth_cas(
    id INTEGER PRIMARY KEY AUTOINCREMENT,
    user_id INTEGER REFERENCES auth_user (id) ON DELETE CASCADE,
    created_on TIMESTAMP,
    service CHAR(512),
    ticket CHAR(512),
    renew CHAR(1)
);
success!
timestamp: 2014-06-09T13:59:53.413060
CREATE TABLE conference_halls(
    id INTEGER PRIMARY KEY AUTOINCREMENT,
    name CHAR(512),
    address CHAR(128),
    city CHAR(128),
    zip CHAR(8)
);
success!
timestamp: 2014-06-09T13:59:53.658452
CREATE TABLE conferences(
    id INTEGER PRIMARY KEY AUTOINCREMENT,
    name CHAR(512),
    location INTEGER REFERENCES conference_halls (id) ON DELETE CASCADE,
    time CHAR(512),
    organiser INTEGER REFERENCES auth_user (id) ON DELETE CASCADE
);
success!
timestamp: 2014-06-09T13:59:53.676046
CREATE TABLE lectures(
    id INTEGER PRIMARY KEY AUTOINCREMENT,
    topic CHAR(512),
    conference INTEGER REFERENCES conferences (id) ON DELETE CASCADE,
    lecturer INTEGER REFERENCES auth_user (id) ON DELETE CASCADE
);
success!
